<?xml version="1.0" encoding="UTF-8"?>
<!-- Generated by org.testng.reporters.JUnitReportReporter -->
<testsuite hostname="DESKTOP-32RJ7DN" name="prog1.WhatsAppAssignment" tests="1" failures="0" timestamp="10 Jul 2019 06:26:17 GMT" time="14.259" errors="0">
  <testcase name="execution" time="14.259" classname="prog1.WhatsAppAssignment"/>
</testsuite> <!-- prog1.WhatsAppAssignment -->
